2023-09-22 11:36:40.978 [background-preinit] INFO  o.h.validator.internal.util.Version - HV000001: Hibernate Validator 7.0.4.Final
2023-09-22 11:36:41.064 [main] INFO  c.e.r.a.ApplicationControllerTest - Starting ApplicationControllerTest using Java 17.0.2 with PID 14240 (started by Админ in C:\Users\Админ\IdeaProjects\rent-apartment-servic\rent-apartment)
2023-09-22 11:36:41.066 [main] INFO  c.e.r.a.ApplicationControllerTest - No active profile set, falling back to 1 default profile: "default"
2023-09-22 11:36:43.092 [main] INFO  o.s.d.r.c.RepositoryConfigurationDelegate - Bootstrapping Spring Data JPA repositories in DEFAULT mode.
2023-09-22 11:36:43.548 [main] INFO  o.s.d.r.c.RepositoryConfigurationDelegate - Finished Spring Data repository scanning in 439 ms. Found 8 JPA repository interfaces.
2023-09-22 11:36:44.251 [main] INFO  o.s.cloud.context.scope.GenericScope - BeanFactory id=a494aa18-729b-3c8f-bd0b-2bef960fce9c
2023-09-22 11:36:46.279 [main] INFO  o.h.jpa.internal.util.LogHelper - HHH000204: Processing PersistenceUnitInfo [name: default]
2023-09-22 11:36:46.402 [main] INFO  org.hibernate.Version - HHH000412: Hibernate ORM core version 6.1.7.Final
2023-09-22 11:36:46.994 [main] INFO  com.zaxxer.hikari.HikariDataSource - HikariPool-1 - Starting...
2023-09-22 11:36:47.749 [main] INFO  com.zaxxer.hikari.pool.HikariPool - HikariPool-1 - Added connection org.postgresql.jdbc.PgConnection@5f67181f
2023-09-22 11:36:47.753 [main] INFO  com.zaxxer.hikari.HikariDataSource - HikariPool-1 - Start completed.
2023-09-22 11:36:47.917 [main] INFO  SQL dialect - HHH000400: Using dialect: org.hibernate.dialect.PostgreSQLDialect
2023-09-22 11:36:49.999 [main] INFO  o.h.e.t.j.p.i.JtaPlatformInitiator - HHH000490: Using JtaPlatform implementation: [org.hibernate.engine.transaction.jta.platform.internal.NoJtaPlatform]
2023-09-22 11:36:50.023 [main] INFO  o.s.o.j.LocalContainerEntityManagerFactoryBean - Initialized JPA EntityManagerFactory for persistence unit 'default'
2023-09-22 11:36:52.161 [main] WARN  o.s.b.a.o.j.JpaBaseConfiguration$JpaWebConfiguration - spring.jpa.open-in-view is enabled by default. Therefore, database queries may be performed during view rendering. Explicitly configure spring.jpa.open-in-view to disable this warning
2023-09-22 11:36:53.205 [main] INFO  o.s.b.t.m.w.SpringBootMockServletContext - Initializing Spring TestDispatcherServlet ''
2023-09-22 11:36:53.205 [main] INFO  o.s.t.w.s.TestDispatcherServlet - Initializing Servlet ''
2023-09-22 11:36:53.207 [main] INFO  o.s.t.w.s.TestDispatcherServlet - Completed initialization in 2 ms
2023-09-22 11:36:53.455 [main] INFO  o.s.c.n.e.c.DiscoveryClientOptionalArgsConfiguration - Eureka HTTP Client uses RestTemplate.
2023-09-22 11:36:53.719 [main] WARN  o.s.c.l.c.LoadBalancerCacheAutoConfiguration$LoadBalancerCaffeineWarnLogger - Spring Cloud LoadBalancer is currently working with the default cache. While this cache implementation is useful for development and tests, it's recommended to use Caffeine cache in production.You can switch to using Caffeine cache, by adding it and org.springframework.cache.caffeine.CaffeineCacheManager to the classpath.
2023-09-22 11:36:53.764 [main] INFO  c.e.r.a.ApplicationControllerTest - Started ApplicationControllerTest in 14.337 seconds (process running for 18.956)
2023-09-22 11:36:54.118 [SpringApplicationShutdownHook] INFO  o.s.c.n.eureka.InstanceInfoFactory - Setting initial instance status as: STARTING
2023-09-22 11:36:54.121 [SpringApplicationShutdownHook] INFO  o.s.c.n.e.s.EurekaServiceRegistry - Unregistering application RENT-APARTMENT with eureka with status DOWN
2023-09-22 11:36:54.132 [SpringApplicationShutdownHook] INFO  o.s.o.j.LocalContainerEntityManagerFactoryBean - Closing JPA EntityManagerFactory for persistence unit 'default'
2023-09-22 11:36:54.135 [SpringApplicationShutdownHook] INFO  com.zaxxer.hikari.HikariDataSource - HikariPool-1 - Shutdown initiated...
2023-09-22 11:36:54.143 [SpringApplicationShutdownHook] INFO  com.zaxxer.hikari.HikariDataSource - HikariPool-1 - Shutdown completed.
2023-09-22 11:38:53.038 [background-preinit] INFO  o.h.validator.internal.util.Version - HV000001: Hibernate Validator 7.0.4.Final
2023-09-22 11:38:53.112 [main] INFO  c.e.r.a.ApplicationControllerTest - Starting ApplicationControllerTest using Java 17.0.2 with PID 7000 (started by Админ in C:\Users\Админ\IdeaProjects\rent-apartment-servic\rent-apartment)
2023-09-22 11:38:53.114 [main] INFO  c.e.r.a.ApplicationControllerTest - No active profile set, falling back to 1 default profile: "default"
2023-09-22 11:38:54.937 [main] INFO  o.s.d.r.c.RepositoryConfigurationDelegate - Bootstrapping Spring Data JPA repositories in DEFAULT mode.
2023-09-22 11:38:55.401 [main] INFO  o.s.d.r.c.RepositoryConfigurationDelegate - Finished Spring Data repository scanning in 447 ms. Found 8 JPA repository interfaces.
2023-09-22 11:38:56.054 [main] INFO  o.s.cloud.context.scope.GenericScope - BeanFactory id=a494aa18-729b-3c8f-bd0b-2bef960fce9c
2023-09-22 11:38:57.910 [main] INFO  o.h.jpa.internal.util.LogHelper - HHH000204: Processing PersistenceUnitInfo [name: default]
2023-09-22 11:38:58.020 [main] INFO  org.hibernate.Version - HHH000412: Hibernate ORM core version 6.1.7.Final
2023-09-22 11:38:58.451 [main] INFO  com.zaxxer.hikari.HikariDataSource - HikariPool-1 - Starting...
2023-09-22 11:38:58.937 [main] INFO  com.zaxxer.hikari.pool.HikariPool - HikariPool-1 - Added connection org.postgresql.jdbc.PgConnection@7ef60c02
2023-09-22 11:38:58.943 [main] INFO  com.zaxxer.hikari.HikariDataSource - HikariPool-1 - Start completed.
2023-09-22 11:38:59.036 [main] INFO  SQL dialect - HHH000400: Using dialect: org.hibernate.dialect.PostgreSQLDialect
2023-09-22 11:39:00.988 [main] INFO  o.h.e.t.j.p.i.JtaPlatformInitiator - HHH000490: Using JtaPlatform implementation: [org.hibernate.engine.transaction.jta.platform.internal.NoJtaPlatform]
2023-09-22 11:39:01.012 [main] INFO  o.s.o.j.LocalContainerEntityManagerFactoryBean - Initialized JPA EntityManagerFactory for persistence unit 'default'
2023-09-22 11:39:03.086 [main] WARN  o.s.b.a.o.j.JpaBaseConfiguration$JpaWebConfiguration - spring.jpa.open-in-view is enabled by default. Therefore, database queries may be performed during view rendering. Explicitly configure spring.jpa.open-in-view to disable this warning
2023-09-22 11:39:04.208 [main] INFO  o.s.b.t.m.w.SpringBootMockServletContext - Initializing Spring TestDispatcherServlet ''
2023-09-22 11:39:04.209 [main] INFO  o.s.t.w.s.TestDispatcherServlet - Initializing Servlet ''
2023-09-22 11:39:04.212 [main] INFO  o.s.t.w.s.TestDispatcherServlet - Completed initialization in 3 ms
2023-09-22 11:39:04.489 [main] INFO  o.s.c.n.e.c.DiscoveryClientOptionalArgsConfiguration - Eureka HTTP Client uses RestTemplate.
2023-09-22 11:39:04.823 [main] WARN  o.s.c.l.c.LoadBalancerCacheAutoConfiguration$LoadBalancerCaffeineWarnLogger - Spring Cloud LoadBalancer is currently working with the default cache. While this cache implementation is useful for development and tests, it's recommended to use Caffeine cache in production.You can switch to using Caffeine cache, by adding it and org.springframework.cache.caffeine.CaffeineCacheManager to the classpath.
2023-09-22 11:39:04.884 [main] INFO  c.e.r.a.ApplicationControllerTest - Started ApplicationControllerTest in 13.044 seconds (process running for 16.067)
2023-09-22 11:39:43.274 [SpringApplicationShutdownHook] INFO  o.s.c.n.eureka.InstanceInfoFactory - Setting initial instance status as: STARTING
2023-09-22 11:39:43.277 [SpringApplicationShutdownHook] INFO  o.s.c.n.e.s.EurekaServiceRegistry - Unregistering application RENT-APARTMENT with eureka with status DOWN
2023-09-22 11:39:43.286 [SpringApplicationShutdownHook] INFO  o.s.o.j.LocalContainerEntityManagerFactoryBean - Closing JPA EntityManagerFactory for persistence unit 'default'
2023-09-22 11:39:43.294 [SpringApplicationShutdownHook] INFO  com.zaxxer.hikari.HikariDataSource - HikariPool-1 - Shutdown initiated...
2023-09-22 11:39:43.324 [SpringApplicationShutdownHook] INFO  com.zaxxer.hikari.HikariDataSource - HikariPool-1 - Shutdown completed.
2023-09-22 11:41:11.072 [background-preinit] INFO  o.h.validator.internal.util.Version - HV000001: Hibernate Validator 7.0.4.Final
2023-09-22 11:41:11.162 [main] INFO  c.e.r.a.ApplicationControllerTest - Starting ApplicationControllerTest using Java 17.0.2 with PID 9340 (started by Админ in C:\Users\Админ\IdeaProjects\rent-apartment-servic\rent-apartment)
2023-09-22 11:41:11.165 [main] INFO  c.e.r.a.ApplicationControllerTest - No active profile set, falling back to 1 default profile: "default"
2023-09-22 11:41:12.701 [main] INFO  o.s.d.r.c.RepositoryConfigurationDelegate - Bootstrapping Spring Data JPA repositories in DEFAULT mode.
2023-09-22 11:41:13.082 [main] INFO  o.s.d.r.c.RepositoryConfigurationDelegate - Finished Spring Data repository scanning in 365 ms. Found 8 JPA repository interfaces.
2023-09-22 11:41:13.659 [main] INFO  o.s.cloud.context.scope.GenericScope - BeanFactory id=a494aa18-729b-3c8f-bd0b-2bef960fce9c
2023-09-22 11:41:15.195 [main] INFO  o.h.jpa.internal.util.LogHelper - HHH000204: Processing PersistenceUnitInfo [name: default]
2023-09-22 11:41:15.293 [main] INFO  org.hibernate.Version - HHH000412: Hibernate ORM core version 6.1.7.Final
2023-09-22 11:41:15.735 [main] INFO  com.zaxxer.hikari.HikariDataSource - HikariPool-1 - Starting...
2023-09-22 11:41:16.075 [main] INFO  com.zaxxer.hikari.pool.HikariPool - HikariPool-1 - Added connection org.postgresql.jdbc.PgConnection@398694a6
2023-09-22 11:41:16.079 [main] INFO  com.zaxxer.hikari.HikariDataSource - HikariPool-1 - Start completed.
2023-09-22 11:41:16.185 [main] INFO  SQL dialect - HHH000400: Using dialect: org.hibernate.dialect.PostgreSQLDialect
2023-09-22 11:41:17.894 [main] INFO  o.h.e.t.j.p.i.JtaPlatformInitiator - HHH000490: Using JtaPlatform implementation: [org.hibernate.engine.transaction.jta.platform.internal.NoJtaPlatform]
2023-09-22 11:41:17.914 [main] INFO  o.s.o.j.LocalContainerEntityManagerFactoryBean - Initialized JPA EntityManagerFactory for persistence unit 'default'
2023-09-22 11:41:19.629 [main] WARN  o.s.b.a.o.j.JpaBaseConfiguration$JpaWebConfiguration - spring.jpa.open-in-view is enabled by default. Therefore, database queries may be performed during view rendering. Explicitly configure spring.jpa.open-in-view to disable this warning
2023-09-22 11:41:20.533 [main] INFO  o.s.b.t.m.w.SpringBootMockServletContext - Initializing Spring TestDispatcherServlet ''
2023-09-22 11:41:20.533 [main] INFO  o.s.t.w.s.TestDispatcherServlet - Initializing Servlet ''
2023-09-22 11:41:20.535 [main] INFO  o.s.t.w.s.TestDispatcherServlet - Completed initialization in 2 ms
2023-09-22 11:41:20.875 [main] INFO  o.s.c.n.e.c.DiscoveryClientOptionalArgsConfiguration - Eureka HTTP Client uses RestTemplate.
2023-09-22 11:41:21.261 [main] WARN  o.s.c.l.c.LoadBalancerCacheAutoConfiguration$LoadBalancerCaffeineWarnLogger - Spring Cloud LoadBalancer is currently working with the default cache. While this cache implementation is useful for development and tests, it's recommended to use Caffeine cache in production.You can switch to using Caffeine cache, by adding it and org.springframework.cache.caffeine.CaffeineCacheManager to the classpath.
2023-09-22 11:41:21.304 [main] INFO  c.e.r.a.ApplicationControllerTest - Started ApplicationControllerTest in 11.253 seconds (process running for 13.525)
2023-09-22 11:41:22.208 [SpringApplicationShutdownHook] INFO  o.s.c.n.eureka.InstanceInfoFactory - Setting initial instance status as: STARTING
2023-09-22 11:41:22.222 [SpringApplicationShutdownHook] INFO  o.s.c.n.e.s.EurekaServiceRegistry - Unregistering application RENT-APARTMENT with eureka with status DOWN
2023-09-22 11:41:22.336 [SpringApplicationShutdownHook] INFO  o.s.o.j.LocalContainerEntityManagerFactoryBean - Closing JPA EntityManagerFactory for persistence unit 'default'
2023-09-22 11:41:22.351 [SpringApplicationShutdownHook] INFO  com.zaxxer.hikari.HikariDataSource - HikariPool-1 - Shutdown initiated...
2023-09-22 11:41:22.456 [SpringApplicationShutdownHook] INFO  com.zaxxer.hikari.HikariDataSource - HikariPool-1 - Shutdown completed.
2023-09-22 11:44:36.547 [background-preinit] INFO  o.h.validator.internal.util.Version - HV000001: Hibernate Validator 7.0.4.Final
2023-09-22 11:44:36.646 [main] INFO  c.e.r.a.ApplicationControllerTest - Starting ApplicationControllerTest using Java 17.0.2 with PID 15516 (started by Админ in C:\Users\Админ\IdeaProjects\rent-apartment-servic\rent-apartment)
2023-09-22 11:44:36.651 [main] INFO  c.e.r.a.ApplicationControllerTest - No active profile set, falling back to 1 default profile: "default"
2023-09-22 11:44:38.674 [main] INFO  o.s.d.r.c.RepositoryConfigurationDelegate - Bootstrapping Spring Data JPA repositories in DEFAULT mode.
2023-09-22 11:44:39.049 [main] INFO  o.s.d.r.c.RepositoryConfigurationDelegate - Finished Spring Data repository scanning in 359 ms. Found 8 JPA repository interfaces.
2023-09-22 11:44:39.578 [main] INFO  o.s.cloud.context.scope.GenericScope - BeanFactory id=a494aa18-729b-3c8f-bd0b-2bef960fce9c
2023-09-22 11:44:41.097 [main] INFO  o.h.jpa.internal.util.LogHelper - HHH000204: Processing PersistenceUnitInfo [name: default]
2023-09-22 11:44:41.193 [main] INFO  org.hibernate.Version - HHH000412: Hibernate ORM core version 6.1.7.Final
2023-09-22 11:44:41.560 [main] INFO  com.zaxxer.hikari.HikariDataSource - HikariPool-1 - Starting...
2023-09-22 11:44:41.850 [main] INFO  com.zaxxer.hikari.pool.HikariPool - HikariPool-1 - Added connection org.postgresql.jdbc.PgConnection@2864d34d
2023-09-22 11:44:41.854 [main] INFO  com.zaxxer.hikari.HikariDataSource - HikariPool-1 - Start completed.
2023-09-22 11:44:41.951 [main] INFO  SQL dialect - HHH000400: Using dialect: org.hibernate.dialect.PostgreSQLDialect
2023-09-22 11:44:43.472 [main] INFO  o.h.e.t.j.p.i.JtaPlatformInitiator - HHH000490: Using JtaPlatform implementation: [org.hibernate.engine.transaction.jta.platform.internal.NoJtaPlatform]
2023-09-22 11:44:43.490 [main] INFO  o.s.o.j.LocalContainerEntityManagerFactoryBean - Initialized JPA EntityManagerFactory for persistence unit 'default'
2023-09-22 11:44:45.188 [main] WARN  o.s.b.a.o.j.JpaBaseConfiguration$JpaWebConfiguration - spring.jpa.open-in-view is enabled by default. Therefore, database queries may be performed during view rendering. Explicitly configure spring.jpa.open-in-view to disable this warning
2023-09-22 11:44:46.075 [main] INFO  o.s.b.t.m.w.SpringBootMockServletContext - Initializing Spring TestDispatcherServlet ''
2023-09-22 11:44:46.076 [main] INFO  o.s.t.w.s.TestDispatcherServlet - Initializing Servlet ''
2023-09-22 11:44:46.079 [main] INFO  o.s.t.w.s.TestDispatcherServlet - Completed initialization in 2 ms
2023-09-22 11:44:46.323 [main] INFO  o.s.c.n.e.c.DiscoveryClientOptionalArgsConfiguration - Eureka HTTP Client uses RestTemplate.
2023-09-22 11:44:46.579 [main] WARN  o.s.c.l.c.LoadBalancerCacheAutoConfiguration$LoadBalancerCaffeineWarnLogger - Spring Cloud LoadBalancer is currently working with the default cache. While this cache implementation is useful for development and tests, it's recommended to use Caffeine cache in production.You can switch to using Caffeine cache, by adding it and org.springframework.cache.caffeine.CaffeineCacheManager to the classpath.
2023-09-22 11:44:46.624 [main] INFO  c.e.r.a.ApplicationControllerTest - Started ApplicationControllerTest in 11.034 seconds (process running for 13.124)
2023-09-22 11:44:47.364 [SpringApplicationShutdownHook] INFO  o.s.c.n.eureka.InstanceInfoFactory - Setting initial instance status as: STARTING
2023-09-22 11:44:47.366 [SpringApplicationShutdownHook] INFO  o.s.c.n.e.s.EurekaServiceRegistry - Unregistering application RENT-APARTMENT with eureka with status DOWN
2023-09-22 11:44:47.374 [SpringApplicationShutdownHook] INFO  o.s.o.j.LocalContainerEntityManagerFactoryBean - Closing JPA EntityManagerFactory for persistence unit 'default'
2023-09-22 11:44:47.377 [SpringApplicationShutdownHook] INFO  com.zaxxer.hikari.HikariDataSource - HikariPool-1 - Shutdown initiated...
2023-09-22 11:44:47.386 [SpringApplicationShutdownHook] INFO  com.zaxxer.hikari.HikariDataSource - HikariPool-1 - Shutdown completed.
